<?xml version="1.0" encoding="UTF-8"?>
<!-- Generated by org.testng.reporters.JUnitXMLReporter -->
<testsuite hostname="Milans-MacBook.local" ignored="0" name="Test1" tests="9" failures="0" timestamp="18 Jun 2019 09:31:55 GMT" time="570.542" errors="0">
  <testcase name="verify_Bookmark" time="66.692" classname="test.BookmarkTest"/>
  <testcase name="verifyInviteReferPage" time="71.731" classname="test.InviteReferTest"/>
  <testcase name="verify_MyCheckin" time="59.852" classname="test.MyCheckinTest"/>
  <testcase name="verifyBlogPage" time="62.536" classname="test.Blog"/>
  <testcase name="verify_MyOfferPage" time="64.423" classname="test.MyOfferTest"/>
  <testcase name="verify_Rating" time="62.551" classname="test.RatingTest"/>
  <testcase name="verifySearchBox" time="26.341" classname="test.SearchTest"/>
  <testcase name="VerifyFilter" time="74.593" classname="test.FilterTest"/>
  <testcase name="verify_Like" time="63.478" classname="test.LikeTest"/>
</testsuite> <!-- Test1 -->
