<?xml version="1.0" encoding="UTF-8"?>
<!-- Generated by org.testng.reporters.JUnitXMLReporter -->
<testsuite ignored="0" hostname="MilanSuvarnas-MacBook-Pro.local" failures="0" tests="3" name="Test2" time="0.354" errors="0" timestamp="15 Mar 2019 16:04:43 GMT">
  <testcase classname="test.BookmarkTest" name="@AfterMethod closeDriver" time="0.305">
    <failure type="java.lang.NullPointerException">
      <![CDATA[java.lang.NullPointerException
at Pages.SignInPageObj.closeDriver(SignInPageObj.java:106)
at test.BookmarkTest.closeDriver(BookmarkTest.java:142)
... Removed 28 stack frames]]>
    </failure>
  </testcase> <!-- @AfterMethod closeDriver -->
  <testcase classname="test.BookmarkTest" name="@BeforeMethod set" time="0.0">
    <skipped/>
  </testcase> <!-- @BeforeMethod set -->
  <testcase classname="test.BookmarkTest" name="@AfterMethod closeDriver" time="0.0">
    <skipped/>
  </testcase> <!-- @AfterMethod closeDriver -->
  <testcase classname="test.BookmarkTest" name="@BeforeMethod set" time="0.0">
    <skipped/>
  </testcase> <!-- @BeforeMethod set -->
  <testcase classname="test.BookmarkTest" name="@AfterMethod closeDriver" time="0.0">
    <skipped/>
  </testcase> <!-- @AfterMethod closeDriver -->
  <testcase classname="test.BookmarkTest" name="verify_Bookmark" time="0.018"/>
  <testcase classname="test.BookmarkTest" name="verifyBookmarkHeader" time="0.0">
    <skipped/>
  </testcase> <!-- verifyBookmarkHeader -->
  <testcase classname="test.BookmarkTest" name="verifyBookmarkData" time="0.0">
    <skipped/>
  </testcase> <!-- verifyBookmarkData -->
</testsuite> <!-- Test2 -->
